info:  Game: BakkesMod.exe
info:  DXVK: v2.0
info:  Built-in extension providers:
info:    Win32 WSI
info:    OpenVR
info:    OpenXR
info:  OpenVR: could not open registry key, status 2
info:  OpenVR: Failed to locate module
info:  Enabled instance extensions:
info:    VK_KHR_get_surface_capabilities2
info:    VK_KHR_surface
info:    VK_KHR_win32_surface
info:  D3D9: VK_FORMAT_D16_UNORM_S8_UINT -> VK_FORMAT_D24_UNORM_S8_UINT
info:  NVIDIA GeForce RTX 3060 Ti:
info:    Driver: 525.60.11
info:    Vulkan: 1.3.224
info:    Memory Heap[0]: 
info:      Size: 8192 MiB
info:      Flags: 0x1
info:      Memory Type[1]: Property Flags = 0x1
info:    Memory Heap[1]: 
info:      Size: 23978 MiB
info:      Flags: 0x0
info:      Memory Type[0]: Property Flags = 0x0
info:      Memory Type[2]: Property Flags = 0x6
info:      Memory Type[3]: Property Flags = 0xe
info:    Memory Heap[2]: 
info:      Size: 246 MiB
info:      Flags: 0x1
info:      Memory Type[4]: Property Flags = 0x7
info:  D3D9: VK_FORMAT_D16_UNORM_S8_UINT -> VK_FORMAT_D24_UNORM_S8_UINT
info:  NVIDIA GeForce RTX 3060 Ti:
info:    Driver: 525.60.11
info:    Vulkan: 1.3.224
info:    Memory Heap[0]: 
info:      Size: 8192 MiB
info:      Flags: 0x1
info:      Memory Type[1]: Property Flags = 0x1
info:    Memory Heap[1]: 
info:      Size: 23978 MiB
info:      Flags: 0x0
info:      Memory Type[0]: Property Flags = 0x0
info:      Memory Type[2]: Property Flags = 0x6
info:      Memory Type[3]: Property Flags = 0xe
info:    Memory Heap[2]: 
info:      Size: 246 MiB
info:      Flags: 0x1
info:      Memory Type[4]: Property Flags = 0x7
info:  Process set as DPI aware
